New project 4/app/build/intermediates/manifest_merge_blame_file/debug/processDebugMainManifest/manifest-merger-blame-debug-report.txt
1<?xml version="1.0" encoding="utf-8"?>
2<manifest xmlns:android="http://schemas.android.com/apk/res/android"
3    package="com.janaushadhi.finder"
4    android:versionCode="1"
5    android:versionName="1.0.0" >
6
7    <uses-sdk
8        android:minSdkVersion="24"
9        android:targetSdkVersion="34" />
10
11    <uses-permission android:name="android.permission.INTERNET" />
11-->src\main\AndroidManifest.xml:2:5-67
11-->src\main\AndroidManifest.xml:2:22-64
12    <uses-permission android:name="android.permission.ACCESS_NETWORK_STATE" />
12-->src\main\AndroidManifest.xml:3:5-79
12-->src\main\AndroidManifest.xml:3:22-76
13    <uses-permission android:name="android.permission.ACCESS_FINE_LOCATION" />
13-->src\main\AndroidManifest.xml:4:5-79
13-->src\main\AndroidManifest.xml:4:22-76
14    <uses-permission android:name="android.permission.ACCESS_COARSE_LOCATION" />
14-->src\main\AndroidManifest.xml:5:5-81
14-->src\main\AndroidManifest.xml:5:22-78
15    <uses-permission android:name="android.permission.POST_NOTIFICATIONS" />
15-->src\main\AndroidManifest.xml:6:5-77
15-->src\main\AndroidManifest.xml:6:22-74
16
17    <uses-feature
17-->[com.google.android.gms:play-services-maps:18.2.0] AndroidManifest.xml:26:5-28:35
18        android:glEsVersion="0x00020000"
18-->[com.google.android.gms:play-services-maps:18.2.0] AndroidManifest.xml:27:9-41
19        android:required="true" />
19-->[com.google.android.gms:play-services-maps:18.2.0] AndroidManifest.xml:28:9-32
20
21    <queries>
21-->[com.google.android.gms:play-services-maps:18.2.0] AndroidManifest.xml:30:5-34:15
22
23        <!-- Needs to be explicitly declared on Android R+ -->
24        <package android:name="com.google.android.apps.maps" />
24-->[com.google.android.gms:play-services-maps:18.2.0] AndroidManifest.xml:33:9-64
24-->[com.google.android.gms:play-services-maps:18.2.0] AndroidManifest.xml:33:18-61
25    </queries>
26
27    <uses-permission android:name="android.permission.WAKE_LOCK" />
27-->[androidx.work:work-runtime:2.9.0] AndroidManifest.xml:23:5-68
27-->[androidx.work:work-runtime:2.9.0] AndroidManifest.xml:23:22-65
28    <uses-permission android:name="android.permission.RECEIVE_BOOT_COMPLETED" />
28-->[androidx.work:work-runtime:2.9.0] AndroidManifest.xml:25:5-81
28-->[androidx.work:work-runtime:2.9.0] AndroidManifest.xml:25:22-78
29    <uses-permission android:name="android.permission.FOREGROUND_SERVICE" />
29-->[androidx.work:work-runtime:2.9.0] AndroidManifest.xml:26:5-77
29-->[androidx.work:work-runtime:2.9.0] AndroidManifest.xml:26:22-74
30    <uses-permission android:name="com.google.android.finsky.permission.BIND_GET_INSTALL_REFERRER_SERVICE" />
30-->[com.google.android.gms:play-services-measurement:22.0.0] AndroidManifest.xml:26:5-110
30-->[com.google.android.gms:play-services-measurement:22.0.0] AndroidManifest.xml:26:22-107
31    <uses-permission android:name="com.google.android.gms.permission.AD_ID" />
31-->[com.google.android.gms:play-services-measurement-impl:22.0.0] AndroidManifest.xml:27:5-79
31-->[com.google.android.gms:play-services-measurement-impl:22.0.0] AndroidManifest.xml:27:22-76
32
33    <permission
33-->[androidx.core:core:1.13.1] AndroidManifest.xml:22:5-24:47
34        android:name="com.janaushadhi.finder.DYNAMIC_RECEIVER_NOT_EXPORTED_PERMISSION"
34-->[androidx.core:core:1.13.1] AndroidManifest.xml:23:9-81
35        android:protectionLevel="signature" />
35-->[androidx.core:core:1.13.1] AndroidManifest.xml:24:9-44
36
37    <uses-permission android:name="com.janaushadhi.finder.DYNAMIC_RECEIVER_NOT_EXPORTED_PERMISSION" />
37-->[androidx.core:core:1.13.1] AndroidManifest.xml:26:5-97
37-->[androidx.core:core:1.13.1] AndroidManifest.xml:26:22-94
38    <uses-permission android:name="com.google.android.providers.gsf.permission.READ_GSERVICES" />
38-->[com.google.android.recaptcha:recaptcha:18.4.0] AndroidManifest.xml:9:5-98
38-->[com.google.android.recaptcha:recaptcha:18.4.0] AndroidManifest.xml:9:22-95
39    <uses-permission android:name="android.permission.ACCESS_ADSERVICES_ATTRIBUTION" />
39-->[com.google.android.gms:play-services-measurement-api:22.0.0] AndroidManifest.xml:26:5-88
39-->[com.google.android.gms:play-services-measurement-api:22.0.0] AndroidManifest.xml:26:22-85
40    <uses-permission android:name="android.permission.ACCESS_ADSERVICES_AD_ID" />
40-->[com.google.android.gms:play-services-measurement-api:22.0.0] AndroidManifest.xml:27:5-82
40-->[com.google.android.gms:play-services-measurement-api:22.0.0] AndroidManifest.xml:27:22-79
41
42    <application
42-->src\main\AndroidManifest.xml:8:5-37:19
43        android:name="com.janaushadhi.finder.JanAushadhiApp"
43-->src\main\AndroidManifest.xml:9:9-39
44        android:allowBackup="true"
44-->src\main\AndroidManifest.xml:10:9-35
45        android:appComponentFactory="androidx.core.app.CoreComponentFactory"
45-->[androidx.core:core:1.13.1] AndroidManifest.xml:28:18-86
46        android:debuggable="true"
47        android:extractNativeLibs="false"
48        android:icon="@drawable/ic_logo"
48-->src\main\AndroidManifest.xml:11:9-41
49        android:label="@string/app_name"
49-->src\main\AndroidManifest.xml:12:9-41
50        android:roundIcon="@drawable/ic_logo"
50-->src\main\AndroidManifest.xml:13:9-46
51        android:supportsRtl="true"
51-->src\main\AndroidManifest.xml:14:9-35
52        android:testOnly="true"
53        android:theme="@style/Theme.JanAushadhiFinder" >
53-->src\main\AndroidManifest.xml:15:9-55
54        <meta-data
54-->src\main\AndroidManifest.xml:16:9-18:55
55            android:name="com.google.android.geo.API_KEY"
55-->src\main\AndroidManifest.xml:17:13-58
56            android:value="@string/google_maps_key" />
56-->src\main\AndroidManifest.xml:18:13-52
57
58        <activity
58-->src\main\AndroidManifest.xml:20:9-22:40
59            android:name="com.janaushadhi.finder.ui.auth.RegisterActivity"
59-->src\main\AndroidManifest.xml:21:13-53
60            android:exported="false" />
60-->src\main\AndroidManifest.xml:22:13-37
61        <activity
61-->src\main\AndroidManifest.xml:23:9-25:40
62            android:name="com.janaushadhi.finder.ui.auth.LoginActivity"
62-->src\main\AndroidManifest.xml:24:13-50
63            android:exported="false" />
63-->src\main\AndroidManifest.xml:25:13-37
64        <activity
64-->src\main\AndroidManifest.xml:26:9-28:40
65            android:name="com.janaushadhi.finder.ui.main.MainActivity"
65-->src\main\AndroidManifest.xml:27:13-49
66            android:exported="false" />
66-->src\main\AndroidManifest.xml:28:13-37
67        <activity
67-->src\main\AndroidManifest.xml:29:9-36:20
68            android:name="com.janaushadhi.finder.SplashActivity"
68-->src\main\AndroidManifest.xml:30:13-43
69            android:exported="true" >
69-->src\main\AndroidManifest.xml:31:13-36
70            <intent-filter>
70-->src\main\AndroidManifest.xml:32:13-35:29
71                <action android:name="android.intent.action.MAIN" />
71-->src\main\AndroidManifest.xml:33:17-69
71-->src\main\AndroidManifest.xml:33:25-66
72
73                <category android:name="android.intent.category.LAUNCHER" />
73-->src\main\AndroidManifest.xml:34:17-77
73-->src\main\AndroidManifest.xml:34:27-74
74            </intent-filter>
75        </activity>
76        <!-- Needs to be explicitly declared on P+ -->
77        <uses-library
77-->[com.google.android.gms:play-services-maps:18.2.0] AndroidManifest.xml:39:9-41:40
78            android:name="org.apache.http.legacy"
78-->[com.google.android.gms:play-services-maps:18.2.0] AndroidManifest.xml:40:13-50
79            android:required="false" />
79-->[com.google.android.gms:play-services-maps:18.2.0] AndroidManifest.xml:41:13-37
80
81        <service
81-->[com.google.firebase:firebase-firestore-ktx:25.0.0] AndroidManifest.xml:9:9-15:19
82            android:name="com.google.firebase.components.ComponentDiscoveryService"
82-->[com.google.firebase:firebase-firestore-ktx:25.0.0] AndroidManifest.xml:10:13-84
83            android:directBootAware="true"
83-->[com.google.firebase:firebase-common:21.0.0] AndroidManifest.xml:32:13-43
84            android:exported="false" >
84-->[com.google.firebase:firebase-firestore-ktx:25.0.0] AndroidManifest.xml:11:13-37
85            <meta-data
85-->[com.google.firebase:firebase-firestore-ktx:25.0.0] AndroidManifest.xml:12:13-14:85
86                android:name="com.google.firebase.components:com.google.firebase.firestore.ktx.FirebaseFirestoreLegacyRegistrar"
86-->[com.google.firebase:firebase-firestore-ktx:25.0.0] AndroidManifest.xml:13:17-129
87                android:value="com.google.firebase.components.ComponentRegistrar" />
87-->[com.google.firebase:firebase-firestore-ktx:25.0.0] AndroidManifest.xml:14:17-82
88            <meta-data
88-->[com.google.firebase:firebase-firestore:25.0.0] AndroidManifest.xml:17:13-19:85
89                android:name="com.google.firebase.components:com.google.firebase.firestore.FirebaseFirestoreKtxRegistrar"
89-->[com.google.firebase:firebase-firestore:25.0.0] AndroidManifest.xml:18:17-122
90                android:value="com.google.firebase.components.ComponentRegistrar" />
90-->[com.google.firebase:firebase-firestore:25.0.0] AndroidManifest.xml:19:17-82
91            <meta-data
91-->[com.google.firebase:firebase-firestore:25.0.0] AndroidManifest.xml:20:13-22:85
92                android:name="com.google.firebase.components:com.google.firebase.firestore.FirestoreRegistrar"
92-->[com.google.firebase:firebase-firestore:25.0.0] AndroidManifest.xml:21:17-111
93                android:value="com.google.firebase.components.ComponentRegistrar" />
93-->[com.google.firebase:firebase-firestore:25.0.0] AndroidManifest.xml:22:17-82
94            <meta-data
94-->[com.google.firebase:firebase-auth-ktx:23.0.0] AndroidManifest.xml:11:13-13:85
95                android:name="com.google.firebase.components:com.google.firebase.auth.ktx.FirebaseAuthLegacyRegistrar"
95-->[com.google.firebase:firebase-auth-ktx:23.0.0] AndroidManifest.xml:12:17-119
96                android:value="com.google.firebase.components.ComponentRegistrar" />
96-->[com.google.firebase:firebase-auth-ktx:23.0.0] AndroidManifest.xml:13:17-82
97            <meta-data
97-->[com.google.firebase:firebase-auth:23.0.0] AndroidManifest.xml:69:13-71:85
98                android:name="com.google.firebase.components:com.google.firebase.auth.FirebaseAuthRegistrar"
98-->[com.google.firebase:firebase-auth:23.0.0] AndroidManifest.xml:70:17-109
99                android:value="com.google.firebase.components.ComponentRegistrar" />
99-->[com.google.firebase:firebase-auth:23.0.0] AndroidManifest.xml:71:17-82
100            <meta-data
100-->[com.google.firebase:firebase-analytics-ktx:22.0.0] AndroidManifest.xml:11:13-13:85
101                android:name="com.google.firebase.components:com.google.firebase.analytics.ktx.FirebaseAnalyticsLegacyRegistrar"
101-->[com.google.firebase:firebase-analytics-ktx:22.0.0] AndroidManifest.xml:12:17-129
102                android:value="com.google.firebase.components.ComponentRegistrar" />
102-->[com.google.firebase:firebase-analytics-ktx:22.0.0] AndroidManifest.xml:13:17-82
103            <meta-data
103-->[com.google.android.gms:play-services-measurement-api:22.0.0] AndroidManifest.xml:37:13-39:85
104                android:name="com.google.firebase.components:com.google.firebase.analytics.connector.internal.AnalyticsConnectorRegistrar"
104-->[com.google.android.gms:play-services-measurement-api:22.0.0] AndroidManifest.xml:38:17-139
105                android:value="com.google.firebase.components.ComponentRegistrar" />
105-->[com.google.android.gms:play-services-measurement-api:22.0.0] AndroidManifest.xml:39:17-82
106            <meta-data
106-->[com.google.firebase:firebase-installations:18.0.0] AndroidManifest.xml:15:13-17:85
107                android:name="com.google.firebase.components:com.google.firebase.installations.FirebaseInstallationsKtxRegistrar"
107-->[com.google.firebase:firebase-installations:18.0.0] AndroidManifest.xml:16:17-130
108                android:value="com.google.firebase.components.ComponentRegistrar" />
108-->[com.google.firebase:firebase-installations:18.0.0] AndroidManifest.xml:17:17-82
109            <meta-data
109-->[com.google.firebase:firebase-installations:18.0.0] AndroidManifest.xml:18:13-20:85
110                android:name="com.google.firebase.components:com.google.firebase.installations.FirebaseInstallationsRegistrar"
110-->[com.google.firebase:firebase-installations:18.0.0] AndroidManifest.xml:19:17-127
111                android:value="com.google.firebase.components.ComponentRegistrar" />
111-->[com.google.firebase:firebase-installations:18.0.0] AndroidManifest.xml:20:17-82
112            <meta-data
112-->[com.google.firebase:firebase-common-ktx:21.0.0] AndroidManifest.xml:12:13-14:85
113                android:name="com.google.firebase.components:com.google.firebase.ktx.FirebaseCommonLegacyRegistrar"
113-->[com.google.firebase:firebase-common-ktx:21.0.0] AndroidManifest.xml:13:17-116
114                android:value="com.google.firebase.components.ComponentRegistrar" />
114-->[com.google.firebase:firebase-common-ktx:21.0.0] AndroidManifest.xml:14:17-82
115            <meta-data
115-->[com.google.firebase:firebase-common:21.0.0] AndroidManifest.xml:35:13-37:85
116                android:name="com.google.firebase.components:com.google.firebase.FirebaseCommonKtxRegistrar"
116-->[com.google.firebase:firebase-common:21.0.0] AndroidManifest.xml:36:17-109
117                android:value="com.google.firebase.components.ComponentRegistrar" />
117-->[com.google.firebase:firebase-common:21.0.0] AndroidManifest.xml:37:17-82
118        </service>
119
120        <activity
120-->[com.google.firebase:firebase-auth:23.0.0] AndroidManifest.xml:29:9-46:20
121            android:name="com.google.firebase.auth.internal.GenericIdpActivity"
121-->[com.google.firebase:firebase-auth:23.0.0] AndroidManifest.xml:30:13-80
122            android:excludeFromRecents="true"
122-->[com.google.firebase:firebase-auth:23.0.0] AndroidManifest.xml:31:13-46
123            android:exported="true"
123-->[com.google.firebase:firebase-auth:23.0.0] AndroidManifest.xml:32:13-36
124            android:launchMode="singleTask"
124-->[com.google.firebase:firebase-auth:23.0.0] AndroidManifest.xml:33:13-44
125            android:theme="@android:style/Theme.Translucent.NoTitleBar" >
125-->[com.google.firebase:firebase-auth:23.0.0] AndroidManifest.xml:34:13-72
126            <intent-filter>
126-->[com.google.firebase:firebase-auth:23.0.0] AndroidManifest.xml:35:13-45:29
127                <action android:name="android.intent.action.VIEW" />
127-->[com.google.firebase:firebase-auth:23.0.0] AndroidManifest.xml:36:17-69
127-->[com.google.firebase:firebase-auth:23.0.0] AndroidManifest.xml:36:25-66
128
129                <category android:name="android.intent.category.DEFAULT" />
129-->[com.google.firebase:firebase-auth:23.0.0] AndroidManifest.xml:38:17-76
129-->[com.google.firebase:firebase-auth:23.0.0] AndroidManifest.xml:38:27-73
130                <category android:name="android.intent.category.BROWSABLE" />
130-->[com.google.firebase:firebase-auth:23.0.0] AndroidManifest.xml:39:17-78
130-->[com.google.firebase:firebase-auth:23.0.0] AndroidManifest.xml:39:27-75
131
132                <data
132-->[com.google.firebase:firebase-auth:23.0.0] AndroidManifest.xml:41:17-44:51
133                    android:host="firebase.auth"
133-->[com.google.firebase:firebase-auth:23.0.0] AndroidManifest.xml:42:21-49
134                    android:path="/"
134-->[com.google.firebase:firebase-auth:23.0.0] AndroidManifest.xml:43:21-37
135                    android:scheme="genericidp" />
135-->[com.google.firebase:firebase-auth:23.0.0] AndroidManifest.xml:44:21-48
136            </intent-filter>
137        </activity>
138        <activity
138-->[com.google.firebase:firebase-auth:23.0.0] AndroidManifest.xml:47:9-64:20
139            android:name="com.google.firebase.auth.internal.RecaptchaActivity"
139-->[com.google.firebase:firebase-auth:23.0.0] AndroidManifest.xml:48:13-79
140            android:excludeFromRecents="true"
140-->[com.google.firebase:firebase-auth:23.0.0] AndroidManifest.xml:49:13-46
141            android:exported="true"
141-->[com.google.firebase:firebase-auth:23.0.0] AndroidManifest.xml:50:13-36
142            android:launchMode="singleTask"
142-->[com.google.firebase:firebase-auth:23.0.0] AndroidManifest.xml:51:13-44
143            android:theme="@android:style/Theme.Translucent.NoTitleBar" >
143-->[com.google.firebase:firebase-auth:23.0.0] AndroidManifest.xml:52:13-72
144            <intent-filter>
144-->[com.google.firebase:firebase-auth:23.0.0] AndroidManifest.xml:53:13-63:29
145                <action android:name="android.intent.action.VIEW" />
145-->[com.google.firebase:firebase-auth:23.0.0] AndroidManifest.xml:36:17-69
145-->[com.google.firebase:firebase-auth:23.0.0] AndroidManifest.xml:36:25-66
146
147                <category android:name="android.intent.category.DEFAULT" />
147-->[com.google.firebase:firebase-auth:23.0.0] AndroidManifest.xml:38:17-76
147-->[com.google.firebase:firebase-auth:23.0.0] AndroidManifest.xml:38:27-73
148                <category android:name="android.intent.category.BROWSABLE" />
148-->[com.google.firebase:firebase-auth:23.0.0] AndroidManifest.xml:39:17-78
148-->[com.google.firebase:firebase-auth:23.0.0] AndroidManifest.xml:39:27-75
149
150                <data
150-->[com.google.firebase:firebase-auth:23.0.0] AndroidManifest.xml:41:17-44:51
151                    android:host="firebase.auth"
151-->[com.google.firebase:firebase-auth:23.0.0] AndroidManifest.xml:42:21-49
152                    android:path="/"
152-->[com.google.firebase:firebase-auth:23.0.0] AndroidManifest.xml:43:21-37
153                    android:scheme="recaptcha" />
153-->[com.google.firebase:firebase-auth:23.0.0] AndroidManifest.xml:44:21-48
154            </intent-filter>
155        </activity>
156
157        <service
157-->[androidx.credentials:credentials-play-services-auth:1.2.0-rc01] AndroidManifest.xml:24:9-32:19
158            android:name="androidx.credentials.playservices.CredentialProviderMetadataHolder"
158-->[androidx.credentials:credentials-play-services-auth:1.2.0-rc01] AndroidManifest.xml:25:13-94
159            android:enabled="true"
159-->[androidx.credentials:credentials-play-services-auth:1.2.0-rc01] AndroidManifest.xml:26:13-35
160            android:exported="false" >
160-->[androidx.credentials:credentials-play-services-auth:1.2.0-rc01] AndroidManifest.xml:27:13-37
161            <meta-data
161-->[androidx.credentials:credentials-play-services-auth:1.2.0-rc01] AndroidManifest.xml:29:13-31:104
162                android:name="androidx.credentials.CREDENTIAL_PROVIDER_KEY"
162-->[androidx.credentials:credentials-play-services-auth:1.2.0-rc01] AndroidManifest.xml:30:17-76
163                android:value="androidx.credentials.playservices.CredentialProviderPlayServicesImpl" />
163-->[androidx.credentials:credentials-play-services-auth:1.2.0-rc01] AndroidManifest.xml:31:17-101
164        </service>
165
166        <activity
166-->[androidx.credentials:credentials-play-services-auth:1.2.0-rc01] AndroidManifest.xml:34:9-41:20
167            android:name="androidx.credentials.playservices.HiddenActivity"
167-->[androidx.credentials:credentials-play-services-auth:1.2.0-rc01] AndroidManifest.xml:35:13-76
168            android:configChanges="orientation|screenSize|screenLayout|keyboardHidden"
168-->[androidx.credentials:credentials-play-services-auth:1.2.0-rc01] AndroidManifest.xml:36:13-87
169            android:enabled="true"
169-->[androidx.credentials:credentials-play-services-auth:1.2.0-rc01] AndroidManifest.xml:37:13-35
170            android:exported="false"
170-->[androidx.credentials:credentials-play-services-auth:1.2.0-rc01] AndroidManifest.xml:38:13-37
171            android:fitsSystemWindows="true"
171-->[androidx.credentials:credentials-play-services-auth:1.2.0-rc01] AndroidManifest.xml:39:13-45
172            android:theme="@style/Theme.Hidden" >
172-->[androidx.credentials:credentials-play-services-auth:1.2.0-rc01] AndroidManifest.xml:40:13-48
173        </activity>
174        <activity
174-->[com.google.android.gms:play-services-auth:20.7.0] AndroidManifest.xml:23:9-27:75
175            android:name="com.google.android.gms.auth.api.signin.internal.SignInHubActivity"
175-->[com.google.android.gms:play-services-auth:20.7.0] AndroidManifest.xml:24:13-93
176            android:excludeFromRecents="true"
176-->[com.google.android.gms:play-services-auth:20.7.0] AndroidManifest.xml:25:13-46
177            android:exported="false"
177-->[com.google.android.gms:play-services-auth:20.7.0] AndroidManifest.xml:26:13-37
178            android:theme="@android:style/Theme.Translucent.NoTitleBar" />
178-->[com.google.android.gms:play-services-auth:20.7.0] AndroidManifest.xml:27:13-72
179        <!--
180            Service handling Google Sign-In user revocation. For apps that do not integrate with
181            Google Sign-In, this service will never be started.
182        -->
183        <service
183-->[com.google.android.gms:play-services-auth:20.7.0] AndroidManifest.xml:33:9-37:51
184            android:name="com.google.android.gms.auth.api.signin.RevocationBoundService"
184-->[com.google.android.gms:play-services-auth:20.7.0] AndroidManifest.xml:34:13-89
185            android:exported="true"
185-->[com.google.android.gms:play-services-auth:20.7.0] AndroidManifest.xml:35:13-36
186            android:permission="com.google.android.gms.auth.api.signin.permission.REVOCATION_NOTIFICATION"
186-->[com.google.android.gms:play-services-auth:20.7.0] AndroidManifest.xml:36:13-107
187            android:visibleToInstantApps="true" />
187-->[com.google.android.gms:play-services-auth:20.7.0] AndroidManifest.xml:37:13-48
188
189        <activity
189-->[com.google.android.gms:play-services-base:18.3.0] AndroidManifest.xml:20:9-22:45
190            android:name="com.google.android.gms.common.api.GoogleApiActivity"
190-->[com.google.android.gms:play-services-base:18.3.0] AndroidManifest.xml:20:19-85
191            android:exported="false"
191-->[com.google.android.gms:play-services-base:18.3.0] AndroidManifest.xml:22:19-43
192            android:theme="@android:style/Theme.Translucent.NoTitleBar" />
192-->[com.google.android.gms:play-services-base:18.3.0] AndroidManifest.xml:21:19-78
193
194        <provider
194-->[androidx.work:work-runtime:2.9.0] AndroidManifest.xml:29:9-37:20
195            android:name="androidx.startup.InitializationProvider"
195-->[androidx.work:work-runtime:2.9.0] AndroidManifest.xml:30:13-67
196            android:authorities="com.janaushadhi.finder.androidx-startup"
196-->[androidx.work:work-runtime:2.9.0] AndroidManifest.xml:31:13-68
197            android:exported="false" >
197-->[androidx.work:work-runtime:2.9.0] AndroidManifest.xml:32:13-37
198            <meta-data
198-->[androidx.work:work-runtime:2.9.0] AndroidManifest.xml:34:13-36:52
199                android:name="androidx.work.WorkManagerInitializer"
199-->[androidx.work:work-runtime:2.9.0] AndroidManifest.xml:35:17-68
200                android:value="androidx.startup" />
200-->[androidx.work:work-runtime:2.9.0] AndroidManifest.xml:36:17-49
201            <meta-data
201-->[androidx.emoji2:emoji2:1.3.0] AndroidManifest.xml:29:13-31:52
202                android:name="androidx.emoji2.text.EmojiCompatInitializer"
202-->[androidx.emoji2:emoji2:1.3.0] AndroidManifest.xml:30:17-75
203                android:value="androidx.startup" />
203-->[androidx.emoji2:emoji2:1.3.0] AndroidManifest.xml:31:17-49
204            <meta-data
204-->[androidx.lifecycle:lifecycle-process:2.8.0] AndroidManifest.xml:29:13-31:52
205                android:name="androidx.lifecycle.ProcessLifecycleInitializer"
205-->[androidx.lifecycle:lifecycle-process:2.8.0] AndroidManifest.xml:30:17-78
206                android:value="androidx.startup" />
206-->[androidx.lifecycle:lifecycle-process:2.8.0] AndroidManifest.xml:31:17-49
207            <meta-data
207-->[androidx.profileinstaller:profileinstaller:1.3.1] AndroidManifest.xml:29:13-31:52
208                android:name="androidx.profileinstaller.ProfileInstallerInitializer"
208-->[androidx.profileinstaller:profileinstaller:1.3.1] AndroidManifest.xml:30:17-85
209                android:value="androidx.startup" />
209-->[androidx.profileinstaller:profileinstaller:1.3.1] AndroidManifest.xml:31:17-49
210        </provider>
211
212        <service
212-->[androidx.work:work-runtime:2.9.0] AndroidManifest.xml:39:9-45:35
213            android:name="androidx.work.impl.background.systemalarm.SystemAlarmService"
213-->[androidx.work:work-runtime:2.9.0] AndroidManifest.xml:40:13-88
214            android:directBootAware="false"
214-->[androidx.work:work-runtime:2.9.0] AndroidManifest.xml:41:13-44
215            android:enabled="@bool/enable_system_alarm_service_default"
215-->[androidx.work:work-runtime:2.9.0] AndroidManifest.xml:42:13-72
216            android:exported="false" />
216-->[androidx.work:work-runtime:2.9.0] AndroidManifest.xml:43:13-37
217        <service
217-->[androidx.work:work-runtime:2.9.0] AndroidManifest.xml:46:9-52:35
218            android:name="androidx.work.impl.background.systemjob.SystemJobService"
218-->[androidx.work:work-runtime:2.9.0] AndroidManifest.xml:47:13-84
219            android:directBootAware="false"
219-->[androidx.work:work-runtime:2.9.0] AndroidManifest.xml:48:13-44
220            android:enabled="@bool/enable_system_job_service_default"
220-->[androidx.work:work-runtime:2.9.0] AndroidManifest.xml:49:13-70
221            android:exported="true"
221-->[androidx.work:work-runtime:2.9.0] AndroidManifest.xml:50:13-36
222            android:permission="android.permission.BIND_JOB_SERVICE" />
222-->[androidx.work:work-runtime:2.9.0] AndroidManifest.xml:51:13-69
223        <service
223-->[androidx.work:work-runtime:2.9.0] AndroidManifest.xml:53:9-59:35
224            android:name="androidx.work.impl.foreground.SystemForegroundService"
224-->[androidx.work:work-runtime:2.9.0] AndroidManifest.xml:54:13-81
225            android:directBootAware="false"
225-->[androidx.work:work-runtime:2.9.0] AndroidManifest.xml:55:13-44
226            android:enabled="@bool/enable_system_foreground_service_default"
226-->[androidx.work:work-runtime:2.9.0] AndroidManifest.xml:56:13-77
227            android:exported="false" />
227-->[androidx.work:work-runtime:2.9.0] AndroidManifest.xml:57:13-37
228
229        <receiver
229-->[androidx.work:work-runtime:2.9.0] AndroidManifest.xml:61:9-66:35
230            android:name="androidx.work.impl.utils.ForceStopRunnable$BroadcastReceiver"
230-->[androidx.work:work-runtime:2.9.0] AndroidManifest.xml:62:13-88
231            android:directBootAware="false"
231-->[androidx.work:work-runtime:2.9.0] AndroidManifest.xml:63:13-44
232            android:enabled="true"
232-->[androidx.work:work-runtime:2.9.0] AndroidManifest.xml:64:13-35
233            android:exported="false" />
233-->[androidx.work:work-runtime:2.9.0] AndroidManifest.xml:65:13-37
234        <receiver
234-->[androidx.work:work-runtime:2.9.0] AndroidManifest.xml:67:9-77:20
235            android:name="androidx.work.impl.background.systemalarm.ConstraintProxy$BatteryChargingProxy"
235-->[androidx.work:work-runtime:2.9.0] AndroidManifest.xml:68:13-106
236            android:directBootAware="false"
236-->[androidx.work:work-runtime:2.9.0] AndroidManifest.xml:69:13-44
237            android:enabled="false"
237-->[androidx.work:work-runtime:2.9.0] AndroidManifest.xml:70:13-36
238            android:exported="false" >
238-->[androidx.work:work-runtime:2.9.0] AndroidManifest.xml:71:13-37
239            <intent-filter>
239-->[androidx.work:work-runtime:2.9.0] AndroidManifest.xml:73:13-76:29
240                <action android:name="android.intent.action.ACTION_POWER_CONNECTED" />
240-->[androidx.work:work-runtime:2.9.0] AndroidManifest.xml:74:17-87
240-->[androidx.work:work-runtime:2.9.0] AndroidManifest.xml:74:25-84
241                <action android:name="android.intent.action.ACTION_POWER_DISCONNECTED" />
241-->[androidx.work:work-runtime:2.9.0] AndroidManifest.xml:75:17-90
241-->[androidx.work:work-runtime:2.9.0] AndroidManifest.xml:75:25-87
242            </intent-filter>
243        </receiver>
244        <receiver
244-->[androidx.work:work-runtime:2.9.0] AndroidManifest.xml:78:9-88:20
245            android:name="androidx.work.impl.background.systemalarm.ConstraintProxy$BatteryNotLowProxy"
245-->[androidx.work:work-runtime:2.9.0] AndroidManifest.xml:79:13-104
246            android:directBootAware="false"
246-->[androidx.work:work-runtime:2.9.0] AndroidManifest.xml:80:13-44
247            android:enabled="false"
247-->[androidx.work:work-runtime:2.9.0] AndroidManifest.xml:81:13-36
248            android:exported="false" >
248-->[androidx.work:work-runtime:2.9.0] AndroidManifest.xml:82:13-37
249            <intent-filter>
249-->[androidx.work:work-runtime:2.9.0] AndroidManifest.xml:84:13-87:29
250                <action android:name="android.intent.action.BATTERY_OKAY" />
250-->[androidx.work:work-runtime:2.9.0] AndroidManifest.xml:85:17-77
250-->[androidx.work:work-runtime:2.9.0] AndroidManifest.xml:85:25-74
251                <action android:name="android.intent.action.BATTERY_LOW" />
251-->[androidx.work:work-runtime:2.9.0] AndroidManifest.xml:86:17-76
251-->[androidx.work:work-runtime:2.9.0] AndroidManifest.xml:86:25-73
252            </intent-filter>
253        </receiver>
254        <receiver
254-->[androidx.work:work-runtime:2.9.0] AndroidManifest.xml:89:9-99:20
255            android:name="androidx.work.impl.background.systemalarm.ConstraintProxy$StorageNotLowProxy"
255-->[androidx.work:work-runtime:2.9.0] AndroidManifest.xml:90:13-104
256            android:directBootAware="false"
256-->[androidx.work:work-runtime:2.9.0] AndroidManifest.xml:91:13-44